2025-12-03 14:47:02,865 - specsanalyzer.config - INFO - Default config loaded from: [/Users/lawsonlloyd/.specs-venv/lib/python3.11/site-packages/specsscan/config/default.yaml] in config.py:124
2025-12-03 14:47:02,876 - specsanalyzer.config - INFO - Default config loaded from: [/Users/lawsonlloyd/.specs-venv/lib/python3.11/site-packages/specsanalyzer/config/default.yaml] in config.py:124
2025-12-03 14:47:02,881 - specsanalyzer.specsscan - INFO - Scan path not provided, searching directories... in helpers.py:487
2025-12-03 14:51:37,966 - specsanalyzer.config - INFO - Default config loaded from: [/Users/lawsonlloyd/.specs-venv/lib/python3.11/site-packages/specsscan/config/default.yaml] in config.py:124
2025-12-03 14:51:37,979 - specsanalyzer.config - INFO - Default config loaded from: [/Users/lawsonlloyd/.specs-venv/lib/python3.11/site-packages/specsanalyzer/config/default.yaml] in config.py:124
2025-12-03 14:51:37,988 - specsanalyzer.specsscan - INFO - Scan path not provided, searching directories... in helpers.py:487
2025-12-03 14:51:45,537 - specsanalyzer.config - INFO - Default config loaded from: [/Users/lawsonlloyd/.specs-venv/lib/python3.11/site-packages/specsscan/config/default.yaml] in config.py:124
2025-12-03 14:51:45,542 - specsanalyzer.config - INFO - Default config loaded from: [/Users/lawsonlloyd/.specs-venv/lib/python3.11/site-packages/specsanalyzer/config/default.yaml] in config.py:124
2025-12-03 14:51:45,548 - specsanalyzer.specsscan - INFO - Scan path not provided, searching directories... in helpers.py:487
2025-12-03 14:52:23,301 - specsanalyzer.config - INFO - Default config loaded from: [/Users/lawsonlloyd/.specs-venv/lib/python3.11/site-packages/specsscan/config/default.yaml] in config.py:124
2025-12-03 14:52:23,307 - specsanalyzer.config - INFO - Default config loaded from: [/Users/lawsonlloyd/.specs-venv/lib/python3.11/site-packages/specsanalyzer/config/default.yaml] in config.py:124
2025-12-03 14:52:23,311 - specsanalyzer.specsscan - INFO - Scan path not provided, searching directories... in helpers.py:487
2025-12-03 14:56:09,231 - specsanalyzer.config - INFO - Configuration loaded from: [/Users/lawsonlloyd/GitHub/mpes-analysis/new_config.yaml] in config.py:84
2025-12-03 14:56:09,237 - specsanalyzer.config - INFO - Default config loaded from: [/Users/lawsonlloyd/.specs-venv/lib/python3.11/site-packages/specsscan/config/default.yaml] in config.py:124
2025-12-03 14:56:09,243 - specsanalyzer.config - INFO - Default config loaded from: [/Users/lawsonlloyd/.specs-venv/lib/python3.11/site-packages/specsanalyzer/config/default.yaml] in config.py:124
2025-12-03 14:56:09,256 - specsanalyzer.specsscan - INFO - Scan path not provided, searching directories... in helpers.py:487
2025-12-03 14:59:46,234 - specsanalyzer.config - INFO - Configuration loaded from: [/Users/lawsonlloyd/GitHub/mpes-analysis/new_config.yaml] in config.py:84
2025-12-03 14:59:46,237 - specsanalyzer.config - INFO - Default config loaded from: [/Users/lawsonlloyd/.specs-venv/lib/python3.11/site-packages/specsscan/config/default.yaml] in config.py:124
2025-12-03 14:59:46,241 - specsanalyzer.config - INFO - Default config loaded from: [/Users/lawsonlloyd/.specs-venv/lib/python3.11/site-packages/specsanalyzer/config/default.yaml] in config.py:124
2025-12-03 14:59:46,243 - specsanalyzer.specsscan - INFO - Scan path not provided, searching directories... in helpers.py:487
2025-12-03 15:05:04,454 - specsanalyzer.config - INFO - Configuration loaded from: [/Users/lawsonlloyd/GitHub/specsscan/specsscan/config/new_config.yaml] in config.py:84
2025-12-03 15:05:04,510 - specsanalyzer.config - INFO - Default config loaded from: [/Users/lawsonlloyd/.specs-venv/lib/python3.11/site-packages/specsscan/config/default.yaml] in config.py:124
2025-12-03 15:05:04,517 - specsanalyzer.config - INFO - Default config loaded from: [/Users/lawsonlloyd/.specs-venv/lib/python3.11/site-packages/specsanalyzer/config/default.yaml] in config.py:124
2025-12-03 15:05:04,521 - specsanalyzer.specsscan - INFO - Scan path not provided, searching directories... in helpers.py:487
2025-12-03 15:05:51,329 - specsanalyzer.config - INFO - Configuration loaded from: [/Users/lawsonlloyd/GitHub/specsscan/specsscan/config/new_config.yaml] in config.py:84
2025-12-03 15:05:51,333 - specsanalyzer.config - INFO - Default config loaded from: [/Users/lawsonlloyd/.specs-venv/lib/python3.11/site-packages/specsscan/config/default.yaml] in config.py:124
2025-12-03 15:05:51,344 - specsanalyzer.config - INFO - Default config loaded from: [/Users/lawsonlloyd/.specs-venv/lib/python3.11/site-packages/specsanalyzer/config/default.yaml] in config.py:124
2025-12-03 15:06:45,962 - specsanalyzer.config - INFO - Configuration loaded from: [/Users/lawsonlloyd/GitHub/specsscan/specsscan/config/new_config.yaml] in config.py:84
2025-12-03 15:06:45,968 - specsanalyzer.config - INFO - Default config loaded from: [/Users/lawsonlloyd/.specs-venv/lib/python3.11/site-packages/specsscan/config/default.yaml] in config.py:124
2025-12-03 15:06:45,972 - specsanalyzer.config - INFO - Default config loaded from: [/Users/lawsonlloyd/.specs-venv/lib/python3.11/site-packages/specsanalyzer/config/default.yaml] in config.py:124
2025-12-03 15:07:18,375 - specsanalyzer.config - INFO - Configuration loaded from: [/Users/lawsonlloyd/GitHub/specsscan/specsscan/config/new_config.yaml] in config.py:84
2025-12-03 15:07:18,390 - specsanalyzer.config - INFO - Default config loaded from: [/Users/lawsonlloyd/.specs-venv/lib/python3.11/site-packages/specsscan/config/default.yaml] in config.py:124
2025-12-03 15:07:18,406 - specsanalyzer.config - INFO - Default config loaded from: [/Users/lawsonlloyd/.specs-venv/lib/python3.11/site-packages/specsanalyzer/config/default.yaml] in config.py:124
2025-12-03 15:09:35,952 - specsanalyzer.config - INFO - Configuration loaded from: [/Users/lawsonlloyd/GitHub/specsscan/specsscan/config/new_config.yaml] in config.py:84
2025-12-03 15:09:35,965 - specsanalyzer.config - INFO - Default config loaded from: [/Users/lawsonlloyd/.specs-venv/lib/python3.11/site-packages/specsscan/config/default.yaml] in config.py:124
2025-12-03 15:09:35,969 - specsanalyzer.config - INFO - Default config loaded from: [/Users/lawsonlloyd/.specs-venv/lib/python3.11/site-packages/specsanalyzer/config/default.yaml] in config.py:124
2025-12-03 15:09:35,972 - specsanalyzer.specsscan - INFO - Scan path not provided, searching directories... in helpers.py:487
2025-12-03 15:11:53,880 - specsanalyzer.config - INFO - Configuration loaded from: [/Users/lawsonlloyd/GitHub/specsscan/specsscan/config/config.yaml] in config.py:84
2025-12-03 15:11:53,890 - specsanalyzer.config - INFO - Default config loaded from: [/Users/lawsonlloyd/.specs-venv/lib/python3.11/site-packages/specsscan/config/default.yaml] in config.py:124
2025-12-03 15:11:53,894 - specsanalyzer.config - INFO - Default config loaded from: [/Users/lawsonlloyd/.specs-venv/lib/python3.11/site-packages/specsanalyzer/config/default.yaml] in config.py:124
2025-12-03 15:57:14,653 - specsanalyzer.config - INFO - Configuration loaded from: [/Users/lawsonlloyd/GitHub/specsscan/specsscan/config/config.yaml] in config.py:84
2025-12-03 15:58:49,589 - specsanalyzer.config - INFO - Configuration loaded from: [/Users/lawsonlloyd/GitHub/specsscan/specsscan/config/config.yaml] in config.py:84
2025-12-03 15:58:49,592 - specsanalyzer.config - INFO - Default config loaded from: [/Users/lawsonlloyd/GitHub/specsanalyzer/src/specsscan/config/default.yaml] in config.py:124
2025-12-03 15:58:49,599 - specsanalyzer.config - INFO - Default config loaded from: [/Users/lawsonlloyd/GitHub/specsanalyzer/src/specsanalyzer/config/default.yaml] in config.py:124
2025-12-03 15:59:17,603 - specsanalyzer.config - INFO - Configuration loaded from: [/Users/lawsonlloyd/GitHub/specsscan/specsscan/config/config.yaml] in config.py:84
2025-12-03 15:59:17,608 - specsanalyzer.config - INFO - Default config loaded from: [/Users/lawsonlloyd/GitHub/specsanalyzer/src/specsscan/config/default.yaml] in config.py:124
2025-12-03 15:59:17,615 - specsanalyzer.config - INFO - Default config loaded from: [/Users/lawsonlloyd/GitHub/specsanalyzer/src/specsanalyzer/config/default.yaml] in config.py:124
2025-12-03 15:59:26,688 - specsanalyzer.config - INFO - Configuration loaded from: [/Users/lawsonlloyd/GitHub/specsscan/specsscan/config/config.yaml] in config.py:84
2025-12-03 15:59:26,692 - specsanalyzer.config - INFO - Default config loaded from: [/Users/lawsonlloyd/GitHub/specsanalyzer/src/specsscan/config/default.yaml] in config.py:124
2025-12-03 15:59:26,698 - specsanalyzer.config - INFO - Default config loaded from: [/Users/lawsonlloyd/GitHub/specsanalyzer/src/specsanalyzer/config/default.yaml] in config.py:124
2025-12-03 16:00:48,984 - specsanalyzer.config - INFO - Configuration loaded from: [/Users/lawsonlloyd/GitHub/specsscan/specsscan/config/config.yaml] in config.py:84
2025-12-03 16:00:48,988 - specsanalyzer.config - INFO - Default config loaded from: [/Users/lawsonlloyd/GitHub/specsanalyzer/src/specsscan/config/default.yaml] in config.py:124
2025-12-03 16:00:48,992 - specsanalyzer.config - INFO - Default config loaded from: [/Users/lawsonlloyd/GitHub/specsanalyzer/src/specsanalyzer/config/default.yaml] in config.py:124
2025-12-03 16:01:16,715 - specsanalyzer.config - INFO - Configuration loaded from: [/Users/lawsonlloyd/GitHub/specsscan/specsscan/config/config.yaml] in config.py:84
2025-12-03 16:01:16,720 - specsanalyzer.config - INFO - Default config loaded from: [/Users/lawsonlloyd/GitHub/specsanalyzer/src/specsscan/config/default.yaml] in config.py:124
2025-12-03 16:01:16,723 - specsanalyzer.config - INFO - Default config loaded from: [/Users/lawsonlloyd/GitHub/specsanalyzer/src/specsanalyzer/config/default.yaml] in config.py:124
2025-12-03 16:01:44,355 - specsanalyzer.config - INFO - Configuration loaded from: [/Users/lawsonlloyd/GitHub/specsscan/specsscan/config/config.yaml] in config.py:84
2025-12-03 16:01:44,359 - specsanalyzer.config - INFO - Default config loaded from: [/Users/lawsonlloyd/GitHub/specsanalyzer/src/specsscan/config/default.yaml] in config.py:124
2025-12-03 16:01:44,363 - specsanalyzer.config - INFO - Default config loaded from: [/Users/lawsonlloyd/GitHub/specsanalyzer/src/specsanalyzer/config/default.yaml] in config.py:124
2025-12-03 16:01:52,849 - specsanalyzer.config - INFO - Configuration loaded from: [/Users/lawsonlloyd/GitHub/specsscan/specsscan/config/config.yaml] in config.py:84
2025-12-03 16:01:52,854 - specsanalyzer.config - INFO - Default config loaded from: [/Users/lawsonlloyd/GitHub/specsanalyzer/src/specsscan/config/default.yaml] in config.py:124
2025-12-03 16:01:52,863 - specsanalyzer.config - INFO - Default config loaded from: [/Users/lawsonlloyd/GitHub/specsanalyzer/src/specsanalyzer/config/default.yaml] in config.py:124
2025-12-03 16:02:09,307 - specsanalyzer.config - INFO - Configuration loaded from: [/Users/lawsonlloyd/GitHub/specsscan/specsscan/config/config.yaml] in config.py:84
2025-12-03 16:02:09,311 - specsanalyzer.config - INFO - Default config loaded from: [/Users/lawsonlloyd/GitHub/specsanalyzer/src/specsscan/config/default.yaml] in config.py:124
2025-12-03 16:02:09,316 - specsanalyzer.config - INFO - Default config loaded from: [/Users/lawsonlloyd/GitHub/specsanalyzer/src/specsanalyzer/config/default.yaml] in config.py:124
2025-12-03 16:02:24,641 - specsanalyzer.config - INFO - Configuration loaded from: [/Users/lawsonlloyd/GitHub/specsscan/specsscan/config/config.yaml] in config.py:84
2025-12-03 16:02:24,645 - specsanalyzer.config - INFO - Default config loaded from: [/Users/lawsonlloyd/GitHub/specsanalyzer/src/specsscan/config/default.yaml] in config.py:124
2025-12-03 16:02:24,650 - specsanalyzer.config - INFO - Default config loaded from: [/Users/lawsonlloyd/GitHub/specsanalyzer/src/specsanalyzer/config/default.yaml] in config.py:124
2025-12-03 16:02:35,001 - specsanalyzer.config - INFO - Configuration loaded from: [/Users/lawsonlloyd/GitHub/specsscan/specsscan/config/config.yaml] in config.py:84
2025-12-03 16:02:35,005 - specsanalyzer.config - INFO - Default config loaded from: [/Users/lawsonlloyd/GitHub/specsanalyzer/src/specsscan/config/default.yaml] in config.py:124
2025-12-03 16:02:35,010 - specsanalyzer.config - INFO - Default config loaded from: [/Users/lawsonlloyd/GitHub/specsanalyzer/src/specsanalyzer/config/default.yaml] in config.py:124
2025-12-03 16:02:35,059 - specsanalyzer.specsscan - INFO - Scan path not provided, searching directories... in helpers.py:487
2025-12-03 16:04:49,626 - specsanalyzer.config - INFO - Configuration loaded from: [/Users/lawsonlloyd/GitHub/specsscan/specsscan/config/config.yaml] in config.py:84
2025-12-03 16:04:49,630 - specsanalyzer.config - INFO - Default config loaded from: [/Users/lawsonlloyd/GitHub/specsanalyzer/src/specsscan/config/default.yaml] in config.py:124
2025-12-03 16:04:49,637 - specsanalyzer.config - INFO - Default config loaded from: [/Users/lawsonlloyd/GitHub/specsanalyzer/src/specsanalyzer/config/default.yaml] in config.py:124
2025-12-03 16:04:49,666 - specsanalyzer.specsscan - INFO - Scan path not provided, searching directories... in helpers.py:487
2025-12-03 16:04:59,600 - specsanalyzer.config - INFO - Configuration loaded from: [/Users/lawsonlloyd/GitHub/specsscan/specsscan/config/config.yaml] in config.py:84
2025-12-03 16:04:59,604 - specsanalyzer.config - INFO - Default config loaded from: [/Users/lawsonlloyd/GitHub/specsanalyzer/src/specsscan/config/default.yaml] in config.py:124
2025-12-03 16:04:59,607 - specsanalyzer.config - INFO - Default config loaded from: [/Users/lawsonlloyd/GitHub/specsanalyzer/src/specsanalyzer/config/default.yaml] in config.py:124
2025-12-03 16:05:05,896 - specsanalyzer.config - INFO - Configuration loaded from: [/Users/lawsonlloyd/GitHub/specsscan/specsscan/config/config.yaml] in config.py:84
2025-12-03 16:05:05,902 - specsanalyzer.config - INFO - Default config loaded from: [/Users/lawsonlloyd/GitHub/specsanalyzer/src/specsscan/config/default.yaml] in config.py:124
2025-12-03 16:05:05,920 - specsanalyzer.config - INFO - Default config loaded from: [/Users/lawsonlloyd/GitHub/specsanalyzer/src/specsanalyzer/config/default.yaml] in config.py:124
2025-12-03 16:05:05,988 - specsanalyzer.specsscan - INFO - Scan path not provided, searching directories... in helpers.py:487
2025-12-03 16:05:16,097 - specsanalyzer.config - INFO - Configuration loaded from: [/Users/lawsonlloyd/GitHub/specsscan/specsscan/config/config.yaml] in config.py:84
2025-12-03 16:05:16,101 - specsanalyzer.config - INFO - Default config loaded from: [/Users/lawsonlloyd/GitHub/specsanalyzer/src/specsscan/config/default.yaml] in config.py:124
2025-12-03 16:05:16,111 - specsanalyzer.config - INFO - Default config loaded from: [/Users/lawsonlloyd/GitHub/specsanalyzer/src/specsanalyzer/config/default.yaml] in config.py:124
2025-12-03 16:05:16,129 - specsanalyzer.specsscan - INFO - Scan path not provided, searching directories... in helpers.py:487
2025-12-03 16:12:31,296 - specsanalyzer.config - INFO - Configuration loaded from: [/Users/lawsonlloyd/GitHub/specsanalyzer/src/specsscan/config/config.yaml] in config.py:84
2025-12-03 16:12:31,305 - specsanalyzer.config - INFO - Default config loaded from: [/Users/lawsonlloyd/GitHub/specsanalyzer/src/specsscan/config/default.yaml] in config.py:124
2025-12-03 16:12:31,313 - specsanalyzer.config - INFO - Default config loaded from: [/Users/lawsonlloyd/GitHub/specsanalyzer/src/specsanalyzer/config/default.yaml] in config.py:124
2025-12-03 16:14:11,329 - specsanalyzer.config - INFO - Configuration loaded from: [/Users/lawsonlloyd/GitHub/specsanalyzer/src/specsscan/config/config.yaml] in config.py:84
2025-12-03 16:14:11,333 - specsanalyzer.config - INFO - Default config loaded from: [/Users/lawsonlloyd/GitHub/specsanalyzer/src/specsscan/config/default.yaml] in config.py:124
2025-12-03 16:14:11,339 - specsanalyzer.config - INFO - Default config loaded from: [/Users/lawsonlloyd/GitHub/specsanalyzer/src/specsanalyzer/config/default.yaml] in config.py:124
2025-12-03 16:14:23,335 - specsanalyzer.config - INFO - Configuration loaded from: [/Users/lawsonlloyd/GitHub/specsanalyzer/src/specsscan/config/config.yaml] in config.py:84
2025-12-03 16:14:23,339 - specsanalyzer.config - INFO - Default config loaded from: [/Users/lawsonlloyd/GitHub/specsanalyzer/src/specsscan/config/default.yaml] in config.py:124
2025-12-03 16:14:23,343 - specsanalyzer.config - INFO - Default config loaded from: [/Users/lawsonlloyd/GitHub/specsanalyzer/src/specsanalyzer/config/default.yaml] in config.py:124
2025-12-03 16:14:38,365 - specsanalyzer.config - INFO - Configuration loaded from: [/Users/lawsonlloyd/GitHub/specsanalyzer/src/specsscan/config/config.yaml] in config.py:84
2025-12-03 16:14:38,370 - specsanalyzer.config - INFO - Default config loaded from: [/Users/lawsonlloyd/GitHub/specsanalyzer/src/specsscan/config/default.yaml] in config.py:124
2025-12-03 16:14:38,375 - specsanalyzer.config - INFO - Default config loaded from: [/Users/lawsonlloyd/GitHub/specsanalyzer/src/specsanalyzer/config/default.yaml] in config.py:124
2025-12-03 16:14:55,156 - specsanalyzer.config - INFO - Configuration loaded from: [/Users/lawsonlloyd/GitHub/specsanalyzer/src/specsscan/config/config.yaml] in config.py:84
2025-12-03 16:14:55,163 - specsanalyzer.config - INFO - Default config loaded from: [/Users/lawsonlloyd/GitHub/specsanalyzer/src/specsscan/config/default.yaml] in config.py:124
2025-12-03 16:14:55,171 - specsanalyzer.config - INFO - Default config loaded from: [/Users/lawsonlloyd/GitHub/specsanalyzer/src/specsanalyzer/config/default.yaml] in config.py:124
2025-12-03 16:14:55,212 - specsanalyzer.specsscan - INFO - Scan path not provided, searching directories... in helpers.py:487
2025-12-03 16:17:29,691 - specsanalyzer.config - INFO - Configuration loaded from: [/Users/lawsonlloyd/GitHub/specsanalyzer/src/specsscan/config/config.yaml] in config.py:84
2025-12-03 16:17:29,694 - specsanalyzer.config - INFO - Default config loaded from: [/Users/lawsonlloyd/GitHub/specsanalyzer/src/specsscan/config/default.yaml] in config.py:124
2025-12-03 16:17:29,698 - specsanalyzer.config - INFO - Default config loaded from: [/Users/lawsonlloyd/GitHub/specsanalyzer/src/specsanalyzer/config/default.yaml] in config.py:124
2025-12-03 16:17:29,744 - specsanalyzer.specsscan - INFO - Scan path not provided, searching directories... in helpers.py:487
2025-12-03 16:18:09,211 - specsanalyzer.config - INFO - Configuration loaded from: [/Users/lawsonlloyd/GitHub/specsanalyzer/src/specsscan/config/config.yaml] in config.py:84
2025-12-03 16:18:09,215 - specsanalyzer.config - INFO - Default config loaded from: [/Users/lawsonlloyd/GitHub/specsanalyzer/src/specsscan/config/default.yaml] in config.py:124
2025-12-03 16:18:09,219 - specsanalyzer.config - INFO - Default config loaded from: [/Users/lawsonlloyd/GitHub/specsanalyzer/src/specsanalyzer/config/default.yaml] in config.py:124
2025-12-03 16:18:09,264 - specsanalyzer.specsscan - INFO - Scan path not provided, searching directories... in helpers.py:487
2025-12-03 16:19:52,444 - specsanalyzer.config - INFO - Configuration loaded from: [/Users/lawsonlloyd/GitHub/specsanalyzer/src/specsscan/config/config.yaml] in config.py:84
2025-12-03 16:19:52,450 - specsanalyzer.config - INFO - Default config loaded from: [/Users/lawsonlloyd/GitHub/specsanalyzer/src/specsscan/config/default.yaml] in config.py:124
2025-12-03 16:19:52,456 - specsanalyzer.config - INFO - Default config loaded from: [/Users/lawsonlloyd/GitHub/specsanalyzer/src/specsanalyzer/config/default.yaml] in config.py:124
2025-12-03 16:19:52,500 - specsanalyzer.specsscan - INFO - Scan path not provided, searching directories... in helpers.py:487
2025-12-03 16:20:11,188 - specsanalyzer.specsscan - INFO - Scan found at path: /Volumes/topfloor/trARPES/PESData/2025/2025_11/2025_11_05/Raw Data/14884 in helpers.py:501
2025-12-03 16:27:59,770 - specsanalyzer.config - INFO - Configuration loaded from: [/Users/lawsonlloyd/GitHub/specsanalyzer/src/specsscan/config/config.yaml] in config.py:84
2025-12-03 16:27:59,778 - specsanalyzer.config - INFO - Default config loaded from: [/Users/lawsonlloyd/GitHub/specsanalyzer/src/specsscan/config/default.yaml] in config.py:124
2025-12-03 16:27:59,782 - specsanalyzer.config - INFO - Default config loaded from: [/Users/lawsonlloyd/GitHub/specsanalyzer/src/specsanalyzer/config/default.yaml] in config.py:124
2025-12-03 16:27:59,812 - specsanalyzer.specsscan - INFO - Scan path not provided, searching directories... in helpers.py:487
2025-12-03 16:28:04,458 - specsanalyzer.specsscan - INFO - Scan found at path: /Volumes/topfloor/trARPES/PESData/2025/2025_11/2025_11_05/Raw Data/14884 in helpers.py:501
2025-12-03 16:31:02,487 - specsanalyzer.config - INFO - Configuration loaded from: [/Users/lawsonlloyd/GitHub/specsanalyzer/src/specsscan/config/new_config.yaml] in config.py:84
2025-12-03 16:31:02,495 - specsanalyzer.config - INFO - Default config loaded from: [/Users/lawsonlloyd/GitHub/specsanalyzer/src/specsscan/config/default.yaml] in config.py:124
2025-12-03 16:31:02,503 - specsanalyzer.config - INFO - Default config loaded from: [/Users/lawsonlloyd/GitHub/specsanalyzer/src/specsanalyzer/config/default.yaml] in config.py:124
2025-12-03 16:31:02,521 - specsanalyzer.specsscan - INFO - Scan path not provided, searching directories... in helpers.py:487
2025-12-03 16:32:25,248 - specsanalyzer.config - INFO - Configuration loaded from: [/Users/lawsonlloyd/GitHub/specsanalyzer/src/specsscan/config/new_config.yaml] in config.py:84
2025-12-03 16:32:25,252 - specsanalyzer.config - INFO - Default config loaded from: [/Users/lawsonlloyd/GitHub/specsanalyzer/src/specsscan/config/default.yaml] in config.py:124
2025-12-03 16:32:25,255 - specsanalyzer.config - INFO - Default config loaded from: [/Users/lawsonlloyd/GitHub/specsanalyzer/src/specsanalyzer/config/default.yaml] in config.py:124
2025-12-03 16:32:25,286 - specsanalyzer.specsscan - INFO - Scan path not provided, searching directories... in helpers.py:487
2025-12-03 16:32:30,623 - specsanalyzer.specsscan - INFO - Scan found at path: /Volumes/topfloor/trARPES/PESData/2025/2025_11/2025_11_05/Raw Data/14884 in helpers.py:501
2025-12-03 16:32:31,563 - specsanalyzer.specsscan - INFO - Gathering metadata from different locations in helpers.py:390
2025-12-03 16:32:31,571 - specsanalyzer.specsscan - INFO - Collecting time stamps... in helpers.py:423
2025-12-03 16:43:38,739 - specsanalyzer.config - INFO - Configuration loaded from: [/Users/lawsonlloyd/GitHub/specsanalyzer/src/specsscan/config/new_config.yaml] in config.py:84
2025-12-03 16:43:38,744 - specsanalyzer.config - INFO - Default config loaded from: [/Users/lawsonlloyd/GitHub/specsanalyzer/src/specsscan/config/default.yaml] in config.py:124
2025-12-03 16:43:38,750 - specsanalyzer.config - INFO - Default config loaded from: [/Users/lawsonlloyd/GitHub/specsanalyzer/src/specsanalyzer/config/default.yaml] in config.py:124
2025-12-03 16:43:38,785 - specsanalyzer.specsscan - INFO - Scan path not provided, searching directories... in helpers.py:487
2025-12-03 16:43:43,748 - specsanalyzer.specsscan - INFO - Scan found at path: /Volumes/topfloor/trARPES/PESData/2025/2025_11/2025_11_05/Raw Data/14884 in helpers.py:501
2025-12-03 16:43:44,827 - specsanalyzer.specsscan - INFO - Gathering metadata from different locations in helpers.py:390
2025-12-03 16:43:44,833 - specsanalyzer.specsscan - INFO - Collecting time stamps... in helpers.py:423
2025-12-03 16:43:48,947 - specsanalyzer.config - INFO - Configuration loaded from: [/Users/lawsonlloyd/GitHub/specsanalyzer/src/specsscan/config/new_config.yaml] in config.py:84
2025-12-03 16:43:48,949 - specsanalyzer.config - INFO - Default config loaded from: [/Users/lawsonlloyd/GitHub/specsanalyzer/src/specsscan/config/default.yaml] in config.py:124
2025-12-03 16:43:48,957 - specsanalyzer.config - INFO - Default config loaded from: [/Users/lawsonlloyd/GitHub/specsanalyzer/src/specsanalyzer/config/default.yaml] in config.py:124
2025-12-03 16:43:48,991 - specsanalyzer.specsscan - INFO - Scan path not provided, searching directories... in helpers.py:487
2025-12-03 16:43:49,037 - specsanalyzer.specsscan - INFO - Scan found at path: /Volumes/topfloor/trARPES/PESData/2025/2025_11/2025_11_05/Raw Data/14884 in helpers.py:501
2025-12-03 16:43:49,817 - specsanalyzer.specsscan - INFO - Gathering metadata from different locations in helpers.py:390
2025-12-03 16:43:49,822 - specsanalyzer.specsscan - INFO - Collecting time stamps... in helpers.py:423
2025-12-03 16:45:18,571 - specsanalyzer.config - INFO - Configuration loaded from: [/Users/lawsonlloyd/GitHub/specsanalyzer/src/specsscan/config/new_config.yaml] in config.py:84
2025-12-03 16:45:18,575 - specsanalyzer.config - INFO - Default config loaded from: [/Users/lawsonlloyd/GitHub/specsanalyzer/src/specsscan/config/default.yaml] in config.py:124
2025-12-03 16:45:18,583 - specsanalyzer.config - INFO - Default config loaded from: [/Users/lawsonlloyd/GitHub/specsanalyzer/src/specsanalyzer/config/default.yaml] in config.py:124
2025-12-03 16:45:18,621 - specsanalyzer.specsscan - INFO - Scan path not provided, searching directories... in helpers.py:487
2025-12-03 16:45:24,384 - specsanalyzer.specsscan - INFO - Scan found at path: /Volumes/topfloor/trARPES/PESData/2025/2025_11/2025_11_05/Raw Data/14884 in helpers.py:501
2025-12-03 16:45:25,319 - specsanalyzer.specsscan - INFO - Gathering metadata from different locations in helpers.py:390
2025-12-03 16:45:25,327 - specsanalyzer.specsscan - INFO - Collecting time stamps... in helpers.py:423
2025-12-03 16:48:06,411 - specsanalyzer.config - INFO - Configuration loaded from: [/Users/lawsonlloyd/GitHub/specsanalyzer/src/specsscan/config/new_config.yaml] in config.py:84
2025-12-03 16:48:06,415 - specsanalyzer.config - INFO - Default config loaded from: [/Users/lawsonlloyd/GitHub/specsanalyzer/src/specsscan/config/default.yaml] in config.py:124
2025-12-03 16:48:06,419 - specsanalyzer.config - INFO - Default config loaded from: [/Users/lawsonlloyd/GitHub/specsanalyzer/src/specsanalyzer/config/default.yaml] in config.py:124
2025-12-03 16:48:06,454 - specsanalyzer.specsscan - INFO - Scan path not provided, searching directories... in helpers.py:487
2025-12-03 16:48:11,401 - specsanalyzer.specsscan - INFO - Scan found at path: /Volumes/topfloor/trARPES/PESData/2025/2025_11/2025_11_05/Raw Data/14884 in helpers.py:501
2025-12-03 16:48:12,812 - specsanalyzer.specsscan - INFO - Gathering metadata from different locations in helpers.py:390
2025-12-03 16:48:12,816 - specsanalyzer.specsscan - INFO - Collecting time stamps... in helpers.py:423
2025-12-03 16:49:20,587 - specsanalyzer.config - INFO - Configuration loaded from: [/Users/lawsonlloyd/GitHub/specsanalyzer/src/specsscan/config/new_config.yaml] in config.py:84
2025-12-03 16:49:20,590 - specsanalyzer.config - INFO - Default config loaded from: [/Users/lawsonlloyd/GitHub/specsanalyzer/src/specsscan/config/default.yaml] in config.py:124
2025-12-03 16:49:20,595 - specsanalyzer.config - INFO - Default config loaded from: [/Users/lawsonlloyd/GitHub/specsanalyzer/src/specsanalyzer/config/default.yaml] in config.py:124
2025-12-03 16:49:20,628 - specsanalyzer.specsscan - INFO - Scan path not provided, searching directories... in helpers.py:487
2025-12-03 16:49:25,487 - specsanalyzer.specsscan - INFO - Scan found at path: /Volumes/topfloor/trARPES/PESData/2025/2025_11/2025_11_05/Raw Data/14884 in helpers.py:501
2025-12-03 16:49:26,523 - specsanalyzer.specsscan - INFO - Gathering metadata from different locations in helpers.py:390
2025-12-03 16:49:26,528 - specsanalyzer.specsscan - INFO - Collecting time stamps... in helpers.py:423
2025-12-03 16:53:37,409 - specsanalyzer.config - INFO - Configuration loaded from: [/Users/lawsonlloyd/GitHub/specsanalyzer/src/specsscan/config/new_config.yaml] in config.py:84
2025-12-03 16:53:37,412 - specsanalyzer.config - INFO - Default config loaded from: [/Users/lawsonlloyd/GitHub/specsanalyzer/src/specsscan/config/default.yaml] in config.py:124
2025-12-03 16:53:37,420 - specsanalyzer.config - INFO - Default config loaded from: [/Users/lawsonlloyd/GitHub/specsanalyzer/src/specsanalyzer/config/default.yaml] in config.py:124
2025-12-03 16:53:37,452 - specsanalyzer.specsscan - INFO - Scan path not provided, searching directories... in helpers.py:487
2025-12-03 16:53:42,995 - specsanalyzer.specsscan - INFO - Scan found at path: /Volumes/topfloor/trARPES/PESData/2025/2025_11/2025_11_05/Raw Data/14884 in helpers.py:501
2025-12-03 16:53:44,142 - specsanalyzer.specsscan - INFO - Gathering metadata from different locations in helpers.py:390
2025-12-03 16:53:44,148 - specsanalyzer.specsscan - INFO - Collecting time stamps... in helpers.py:423
2025-12-03 16:54:05,775 - specsanalyzer.config - INFO - Configuration loaded from: [/Users/lawsonlloyd/GitHub/specsanalyzer/src/specsscan/config/new_config.yaml] in config.py:84
2025-12-03 16:54:05,780 - specsanalyzer.config - INFO - Default config loaded from: [/Users/lawsonlloyd/GitHub/specsanalyzer/src/specsscan/config/default.yaml] in config.py:124
2025-12-03 16:54:05,783 - specsanalyzer.config - INFO - Default config loaded from: [/Users/lawsonlloyd/GitHub/specsanalyzer/src/specsanalyzer/config/default.yaml] in config.py:124
2025-12-03 16:54:05,822 - specsanalyzer.specsscan - INFO - Scan path not provided, searching directories... in helpers.py:487
2025-12-03 16:54:05,891 - specsanalyzer.specsscan - INFO - Scan found at path: /Volumes/topfloor/trARPES/PESData/2025/2025_11/2025_11_05/Raw Data/14884 in helpers.py:501
2025-12-03 16:54:07,420 - specsanalyzer.specsscan - INFO - Gathering metadata from different locations in helpers.py:390
2025-12-03 16:54:07,427 - specsanalyzer.specsscan - INFO - Collecting time stamps... in helpers.py:423
